<?xml version="1.0" encoding="UTF-8"?>
<!-- Generated by org.testng.reporters.JUnitXMLReporter -->
<testsuite ignored="0" hostname="LAPTOP-DVG7SGTJ" failures="1" tests="10" name="Test" time="0.068" errors="0" timestamp="2025-08-03T11:59:53 IST">
  <testcase classname="Practicing_TestNG.Groupings" name="dummyMethod" time="0.01">
    <failure type="java.lang.ArithmeticException" message="/ by zero">
      <![CDATA[java.lang.ArithmeticException: / by zero
at Practicing_TestNG.Groupings.dummyMethod(Groupings.java:32)
at java.base/java.util.ArrayList.forEach(ArrayList.java:1597)
... Removed 25 stack frames]]>
    </failure>
  </testcase> <!-- dummyMethod -->
  <testcase classname="Practicing_TestNG.Groupings" name="failingDependentMethod" time="0.001"/>
  <testcase classname="Practicing_TestNG.Groupings" name="group1" time="0.002"/>
  <testcase classname="Practicing_TestNG.Groupings" name="group2" time="0.001"/>
  <testcase classname="Practicing_TestNG.Groupings" name="group3" time="0.001"/>
  <testcase classname="Practicing_TestNG.Groupings" name="group4" time="0.0"/>
  <testcase classname="Practicing_TestNG.Groupings" name="dummyMethod2" time="0.001"/>
  <testcase classname="Practicing_TestNG.Groupings" name="passingDependentMethod" time="0.002"/>
  <testcase classname="Practicing_TestNG.Groupings" name="passingGroup" time="0.001"/>
  <testcase classname="Practicing_TestNG.Groupings" name="passingDependentGroup" time="0.001"/>
</testsuite> <!-- Test -->
