<?xml version="1.0" encoding="UTF-8"?>
<testng-results ignored="0" total="1" passed="1" failed="0" skipped="0">
  <reporter-output>
  </reporter-output>
  <suite started-at="2024-04-03T15:57:50 IST" name="Default suite" finished-at="2024-04-03T15:58:10 IST" duration-ms="20912">
    <groups>
    </groups>
    <test started-at="2024-04-03T15:57:50 IST" name="Default test" finished-at="2024-04-03T15:58:10 IST" duration-ms="20912">
      <class name="mvnTest.testNG.mvnTesting">
        <test-method signature="firstmvn()[pri:0, instance:mvnTest.testNG.mvnTesting@72d1ad2e]" started-at="2024-04-03T15:57:50 IST" name="firstmvn" finished-at="2024-04-03T15:58:10 IST" duration-ms="20824" status="PASS">
          <reporter-output>
          </reporter-output>
        </test-method> <!-- firstmvn -->
      </class> <!-- mvnTest.testNG.mvnTesting -->
    </test> <!-- Default test -->
  </suite> <!-- Default suite -->
</testng-results>
