<?xml version="1.0" encoding="UTF-8"?>
<testng-results ignored="0" total="10" passed="9" failed="1" skipped="0">
  <reporter-output>
  </reporter-output>
  <suite started-at="2025-08-03T11:59:53 IST" name="Suite" finished-at="2025-08-03T11:59:53 IST" duration-ms="68">
    <groups>
      <group name="regression">
        <method signature="Groupings.dummyMethod2()[pri:3, instance:Practicing_TestNG.Groupings@1d2adfbe]" name="dummyMethod2" class="Practicing_TestNG.Groupings"/>
        <method signature="Groupings.group2()[pri:0, instance:Practicing_TestNG.Groupings@1d2adfbe]" name="group2" class="Practicing_TestNG.Groupings"/>
        <method signature="Groupings.group4()[pri:1, instance:Practicing_TestNG.Groupings@1d2adfbe]" name="group4" class="Practicing_TestNG.Groupings"/>
        <method signature="Groupings.passingDependentMethod()[pri:4, instance:Practicing_TestNG.Groupings@1d2adfbe]" name="passingDependentMethod" class="Practicing_TestNG.Groupings"/>
        <method signature="Groupings.passingDependentGroup()[pri:6, instance:Practicing_TestNG.Groupings@1d2adfbe]" name="passingDependentGroup" class="Practicing_TestNG.Groupings"/>
      </group> <!-- regression -->
      <group name="smoke">
        <method signature="Groupings.dummyMethod()[pri:0, instance:Practicing_TestNG.Groupings@1d2adfbe]" name="dummyMethod" class="Practicing_TestNG.Groupings"/>
        <method signature="Groupings.failingDependentMethod()[pri:0, instance:Practicing_TestNG.Groupings@1d2adfbe]" name="failingDependentMethod" class="Practicing_TestNG.Groupings"/>
        <method signature="Groupings.group1()[pri:0, instance:Practicing_TestNG.Groupings@1d2adfbe]" name="group1" class="Practicing_TestNG.Groupings"/>
        <method signature="Groupings.group3()[pri:0, instance:Practicing_TestNG.Groupings@1d2adfbe]" name="group3" class="Practicing_TestNG.Groupings"/>
      </group> <!-- smoke -->
      <group name="myGroup">
        <method signature="Groupings.passingGroup()[pri:5, instance:Practicing_TestNG.Groupings@1d2adfbe]" name="passingGroup" class="Practicing_TestNG.Groupings"/>
      </group> <!-- myGroup -->
    </groups>
    <test started-at="2025-08-03T11:59:53 IST" name="Test" finished-at="2025-08-03T11:59:53 IST" duration-ms="68">
      <class name="Practicing_TestNG.Groupings">
        <test-method signature="dummyMethod()[pri:0, instance:Practicing_TestNG.Groupings@1d2adfbe]" started-at="2025-08-03T11:59:53 IST" name="dummyMethod" description="Testing dependsON" finished-at="2025-08-03T11:59:53 IST" duration-ms="10" status="FAIL">
          <exception class="java.lang.ArithmeticException">
            <message>
              <![CDATA[/ by zero]]>
            </message>
            <full-stacktrace>
              <![CDATA[java.lang.ArithmeticException: / by zero
at Practicing_TestNG.Groupings.dummyMethod(Groupings.java:32)
at java.base/jdk.internal.reflect.DirectMethodHandleAccessor.invoke(DirectMethodHandleAccessor.java:103)
at java.base/java.lang.reflect.Method.invoke(Method.java:580)
at org.testng.internal.MethodInvocationHelper.invokeMethod(MethodInvocationHelper.java:133)
at org.testng.internal.TestInvoker.invokeMethod(TestInvoker.java:598)
at org.testng.internal.TestInvoker.invokeTestMethod(TestInvoker.java:173)
at org.testng.internal.MethodRunner.runInSequence(MethodRunner.java:46)
at org.testng.internal.TestInvoker$MethodInvocationAgent.invoke(TestInvoker.java:824)
at org.testng.internal.TestInvoker.invokeTestMethods(TestInvoker.java:146)
at org.testng.internal.TestMethodWorker.invokeTestMethods(TestMethodWorker.java:146)
at org.testng.internal.TestMethodWorker.run(TestMethodWorker.java:128)
at java.base/java.util.ArrayList.forEach(ArrayList.java:1597)
at org.testng.TestRunner.privateRun(TestRunner.java:794)
at org.testng.TestRunner.run(TestRunner.java:596)
at org.testng.SuiteRunner.runTest(SuiteRunner.java:377)
at org.testng.SuiteRunner.runSequentially(SuiteRunner.java:371)
at org.testng.SuiteRunner.privateRun(SuiteRunner.java:332)
at org.testng.SuiteRunner.run(SuiteRunner.java:276)
at org.testng.SuiteRunnerWorker.runSuite(SuiteRunnerWorker.java:53)
at org.testng.SuiteRunnerWorker.run(SuiteRunnerWorker.java:96)
at org.testng.TestNG.runSuitesSequentially(TestNG.java:1212)
at org.testng.TestNG.runSuitesLocally(TestNG.java:1134)
at org.testng.TestNG.runSuites(TestNG.java:1063)
at org.testng.TestNG.run(TestNG.java:1031)
at org.testng.remote.AbstractRemoteTestNG.run(AbstractRemoteTestNG.java:115)
at org.testng.remote.RemoteTestNG.initAndRun(RemoteTestNG.java:293)
at org.testng.remote.RemoteTestNG.main(RemoteTestNG.java:91)
]]>
            </full-stacktrace>
          </exception> <!-- java.lang.ArithmeticException -->
          <reporter-output>
          </reporter-output>
        </test-method> <!-- dummyMethod -->
        <test-method signature="failingDependentMethod()[pri:0, instance:Practicing_TestNG.Groupings@1d2adfbe]" started-at="2025-08-03T11:59:53 IST" name="failingDependentMethod" finished-at="2025-08-03T11:59:53 IST" depends-on-methods="Practicing_TestNG.Groupings.dummyMethod" duration-ms="1" status="PASS">
          <reporter-output>
          </reporter-output>
        </test-method> <!-- failingDependentMethod -->
        <test-method signature="group1()[pri:0, instance:Practicing_TestNG.Groupings@1d2adfbe]" started-at="2025-08-03T11:59:53 IST" name="group1" finished-at="2025-08-03T11:59:53 IST" duration-ms="2" status="PASS">
          <reporter-output>
          </reporter-output>
        </test-method> <!-- group1 -->
        <test-method signature="group2()[pri:0, instance:Practicing_TestNG.Groupings@1d2adfbe]" started-at="2025-08-03T11:59:53 IST" name="group2" finished-at="2025-08-03T11:59:53 IST" duration-ms="1" status="PASS">
          <reporter-output>
          </reporter-output>
        </test-method> <!-- group2 -->
        <test-method signature="group3()[pri:0, instance:Practicing_TestNG.Groupings@1d2adfbe]" started-at="2025-08-03T11:59:53 IST" name="group3" finished-at="2025-08-03T11:59:53 IST" duration-ms="1" status="PASS">
          <reporter-output>
          </reporter-output>
        </test-method> <!-- group3 -->
        <test-method signature="group4()[pri:1, instance:Practicing_TestNG.Groupings@1d2adfbe]" started-at="2025-08-03T11:59:53 IST" name="group4" finished-at="2025-08-03T11:59:53 IST" duration-ms="0" status="PASS">
          <reporter-output>
          </reporter-output>
        </test-method> <!-- group4 -->
        <test-method signature="dummyMethod2()[pri:3, instance:Practicing_TestNG.Groupings@1d2adfbe]" started-at="2025-08-03T11:59:53 IST" name="dummyMethod2" description="Testing dependsON" finished-at="2025-08-03T11:59:53 IST" duration-ms="1" status="PASS">
          <reporter-output>
          </reporter-output>
        </test-method> <!-- dummyMethod2 -->
        <test-method signature="passingDependentMethod()[pri:4, instance:Practicing_TestNG.Groupings@1d2adfbe]" started-at="2025-08-03T11:59:53 IST" name="passingDependentMethod" finished-at="2025-08-03T11:59:53 IST" depends-on-methods="Practicing_TestNG.Groupings.dummyMethod2" duration-ms="2" status="PASS">
          <reporter-output>
          </reporter-output>
        </test-method> <!-- passingDependentMethod -->
        <test-method signature="passingGroup()[pri:5, instance:Practicing_TestNG.Groupings@1d2adfbe]" started-at="2025-08-03T11:59:53 IST" name="passingGroup" finished-at="2025-08-03T11:59:53 IST" duration-ms="1" status="PASS">
          <reporter-output>
          </reporter-output>
        </test-method> <!-- passingGroup -->
        <test-method signature="passingDependentGroup()[pri:6, instance:Practicing_TestNG.Groupings@1d2adfbe]" started-at="2025-08-03T11:59:53 IST" name="passingDependentGroup" depends-on-groups="myGroup" finished-at="2025-08-03T11:59:53 IST" duration-ms="1" status="PASS">
          <reporter-output>
          </reporter-output>
        </test-method> <!-- passingDependentGroup -->
      </class> <!-- Practicing_TestNG.Groupings -->
    </test> <!-- Test -->
  </suite> <!-- Suite -->
</testng-results>
